<html>
<head>
<title>TestNG:  Nopackage</title>
<link href="../testng.css" rel="stylesheet" type="text/css" />
<link href="../my-testng.css" rel="stylesheet" type="text/css" />

<style type="text/css">
.log { display: none;} 
.stack-trace { display: none;} 
</style>
<script type="text/javascript">
<!--
function flip(e) {
  current = e.style.display;
  if (current == 'block') {
    e.style.display = 'none';
    return 0;
  }
  else {
    e.style.display = 'block';
    return 1;
  }
}

function toggleBox(szDivId, elem, msg1, msg2)
{
  var res = -1;  if (document.getElementById) {
    res = flip(document.getElementById(szDivId));
  }
  else if (document.all) {
    // this is the way old msie versions work
    res = flip(document.all[szDivId]);
  }
  if(elem) {
    if(res == 0) elem.innerHTML = msg1; else elem.innerHTML = msg2;
  }

}

function toggleAllBoxes() {
  if (document.getElementsByTagName) {
    d = document.getElementsByTagName('div');
    for (i = 0; i < d.length; i++) {
      if (d[i].className == 'log') {
        flip(d[i]);
      }
    }
  }
}

// -->
</script>

</head>
<body>
<h2 align='center'>Nopackage</h2><table border='1' align="center">
<tr>
<td>Tests passed/Failed/Skipped:</td><td>4/1/0</td>
</tr><tr>
<td>Started on:</td><td>Mon May 16 18:48:54 EDT 2022</td>
</tr>
<tr><td>Total time:</td><td>30 seconds (30525 ms)</td>
</tr><tr>
<td>Included groups:</td><td></td>
</tr><tr>
<td>Excluded groups:</td><td></td>
</tr>
</table><p/>
<small><i>(Hover the method name to see the test class name)</i></small><p/>
<table width='100%' border='1' class='invocation-failed'>
<tr><td colspan='4' align='center'><b>FAILED TESTS</b></td></tr>
<tr><td><b>Test method</b></td>
<td width="30%"><b>Exception</b></td>
<td width="10%"><b>Time (seconds)</b></td>
<td><b>Instance</b></td>
</tr>
<tr>
<td title='com.nexttechITC.TestRunner.TestNGTestRunner$TestRunner.runScenario()'><b>runScenario</b><br>Test class: com.nexttechITC.TestRunner.TestNGTestRunner$TestRunner<br>Test method: Runs Cucumber Scenarios<br>Parameters: "", "Optional[Facebook sign up]"</td>
<td><div><pre>io.cucumber.core.exception.CucumberException: Step [user enter {string} and&quot;Bari&quot; and valid {string} and {string}] is defined with 4 parameters at &apos;com.nexttechITC.Stepdefs.FacebookSignup.user_enter_and_bari_and_valid_and(java.lang.String,java.lang.String,java.lang.String,java.lang.String)&apos;.
However, the gherkin step has 3 arguments:
 * &quot;Amy&quot;
 * &quot;esdy@gmail.com&quot;
 * &quot;class@2020&quot;
Step text: user enter &quot;Amy&quot; and&quot;Bari&quot; and valid &quot;esdy@gmail.com&quot; and &quot;class@2020&quot;
	at io.cucumber.core.runner.PickleStepDefinitionMatch.arityMismatch(PickleStepDefinitionMatch.java:83)
	at io.cucumber.core.runner.PickleStepDefinitionMatch.runStep(PickleStepDefinitionMatch.java:42)
	at io.cucumber.core.runner.ExecutionMode$1.execute(ExecutionMode.java:10)
	at io.cucumber.core.runner.TestStep.executeStep(TestStep.java:86)
	at io.cucumber.core.runner.TestStep.run(TestStep.java:57)
	at io.cucumber.core.runner.PickleStepTestStep.run(PickleStepTestStep.java:51)
	at io.cucumber.core.runner.TestCase.run(TestCase.java:95)
	at io.cucumber.core.runner.Runner.runPickle(Runner.java:75)
	at io.cucumber.testng.TestNGCucumberRunner.lambda$runScenario$1(TestNGCucumberRunner.java:132)
	at io.cucumber.core.runtime.CucumberExecutionContext.lambda$runTestCase$3(CucumberExecutionContext.java:110)
	at io.cucumber.core.runtime.RethrowingThrowableCollector.executeAndThrow(RethrowingThrowableCollector.java:23)
	at io.cucumber.core.runtime.CucumberExecutionContext.runTestCase(CucumberExecutionContext.java:110)
	at io.cucumber.testng.TestNGCucumberRunner.runScenario(TestNGCucumberRunner.java:129)
	at io.cucumber.testng.AbstractTestNGCucumberTests.runScenario(AbstractTestNGCucumberTests.java:35)
... Removed 23 stack frames</pre></div><a href='#' onClick='toggleBox("stack-trace1047477166", this, "Click to show all stack frames", "Click to hide stack frames")'>Click to show all stack frames</a>
<div class='stack-trace' id='stack-trace1047477166'><pre>io.cucumber.core.exception.CucumberException: Step [user enter {string} and&quot;Bari&quot; and valid {string} and {string}] is defined with 4 parameters at &apos;com.nexttechITC.Stepdefs.FacebookSignup.user_enter_and_bari_and_valid_and(java.lang.String,java.lang.String,java.lang.String,java.lang.String)&apos;.
However, the gherkin step has 3 arguments:
 * &quot;Amy&quot;
 * &quot;esdy@gmail.com&quot;
 * &quot;class@2020&quot;
Step text: user enter &quot;Amy&quot; and&quot;Bari&quot; and valid &quot;esdy@gmail.com&quot; and &quot;class@2020&quot;
	at io.cucumber.core.runner.PickleStepDefinitionMatch.arityMismatch(PickleStepDefinitionMatch.java:83)
	at io.cucumber.core.runner.PickleStepDefinitionMatch.runStep(PickleStepDefinitionMatch.java:42)
	at io.cucumber.core.runner.ExecutionMode$1.execute(ExecutionMode.java:10)
	at io.cucumber.core.runner.TestStep.executeStep(TestStep.java:86)
	at io.cucumber.core.runner.TestStep.run(TestStep.java:57)
	at io.cucumber.core.runner.PickleStepTestStep.run(PickleStepTestStep.java:51)
	at io.cucumber.core.runner.TestCase.run(TestCase.java:95)
	at io.cucumber.core.runner.Runner.runPickle(Runner.java:75)
	at io.cucumber.testng.TestNGCucumberRunner.lambda$runScenario$1(TestNGCucumberRunner.java:132)
	at io.cucumber.core.runtime.CucumberExecutionContext.lambda$runTestCase$3(CucumberExecutionContext.java:110)
	at io.cucumber.core.runtime.RethrowingThrowableCollector.executeAndThrow(RethrowingThrowableCollector.java:23)
	at io.cucumber.core.runtime.CucumberExecutionContext.runTestCase(CucumberExecutionContext.java:110)
	at io.cucumber.testng.TestNGCucumberRunner.runScenario(TestNGCucumberRunner.java:129)
	at io.cucumber.testng.AbstractTestNGCucumberTests.runScenario(AbstractTestNGCucumberTests.java:35)
	at java.base/jdk.internal.reflect.DirectMethodHandleAccessor.invoke(DirectMethodHandleAccessor.java:104)
	at java.base/java.lang.reflect.Method.invoke(Method.java:577)
	at org.testng.internal.MethodInvocationHelper.invokeMethod(MethodInvocationHelper.java:108)
	at org.testng.internal.Invoker.invokeMethod(Invoker.java:661)
	at org.testng.internal.Invoker.invokeTestMethod(Invoker.java:869)
	at org.testng.internal.Invoker.invokeTestMethods(Invoker.java:1193)
	at org.testng.internal.TestMethodWorker.invokeTestMethods(TestMethodWorker.java:126)
	at org.testng.internal.TestMethodWorker.run(TestMethodWorker.java:109)
	at org.testng.TestRunner.privateRun(TestRunner.java:744)
	at org.testng.TestRunner.run(TestRunner.java:602)
	at org.testng.SuiteRunner.runTest(SuiteRunner.java:380)
	at org.testng.SuiteRunner.runSequentially(SuiteRunner.java:375)
	at org.testng.SuiteRunner.privateRun(SuiteRunner.java:340)
	at org.testng.SuiteRunner.run(SuiteRunner.java:289)
	at org.testng.SuiteRunnerWorker.runSuite(SuiteRunnerWorker.java:52)
	at org.testng.SuiteRunnerWorker.run(SuiteRunnerWorker.java:86)
	at org.testng.TestNG.runSuitesSequentially(TestNG.java:1301)
	at org.testng.TestNG.runSuitesLocally(TestNG.java:1226)
	at org.testng.TestNG.runSuites(TestNG.java:1144)
	at org.testng.TestNG.run(TestNG.java:1115)
	at org.testng.remote.AbstractRemoteTestNG.run(AbstractRemoteTestNG.java:115)
	at org.testng.remote.RemoteTestNG.initAndRun(RemoteTestNG.java:251)
	at org.testng.remote.RemoteTestNG.main(RemoteTestNG.java:77)
</pre></div></td>
<td>7</td>
<td>com.nexttechITC.TestRunner.TestNGTestRunner$TestRunner@7d3a22a9</td></tr>
</table><p>
<table width='100%' border='1' class='invocation-passed'>
<tr><td colspan='4' align='center'><b>PASSED TESTS</b></td></tr>
<tr><td><b>Test method</b></td>
<td width="30%"><b>Exception</b></td>
<td width="10%"><b>Time (seconds)</b></td>
<td><b>Instance</b></td>
</tr>
<tr>
<td title='com.nexttechITC.TestRunner.TestNGTestRunner$TestRunner.runScenario()'><b>runScenario</b><br>Test class: com.nexttechITC.TestRunner.TestNGTestRunner$TestRunner<br>Test method: Runs Cucumber Scenarios<br>Parameters: "", "Optional[user want to visit amazon web page and verify Amazon Basics tab]"</td>
<td></td>
<td>6</td>
<td>com.nexttechITC.TestRunner.TestNGTestRunner$TestRunner@7d3a22a9</td></tr>
<tr>
<td title='com.nexttechITC.TestRunner.TestNGTestRunner$TestRunner.runScenario()'><b>runScenario</b><br>Test class: com.nexttechITC.TestRunner.TestNGTestRunner$TestRunner<br>Test method: Runs Cucumber Scenarios<br>Parameters: "User can visit Customer Service page", "Optional[User visits Amazon Customer Service Page]"</td>
<td></td>
<td>4</td>
<td>com.nexttechITC.TestRunner.TestNGTestRunner$TestRunner@7d3a22a9</td></tr>
<tr>
<td title='com.nexttechITC.TestRunner.TestNGTestRunner$TestRunner.runScenario()'><b>runScenario</b><br>Test class: com.nexttechITC.TestRunner.TestNGTestRunner$TestRunner<br>Test method: Runs Cucumber Scenarios<br>Parameters: "", "Optional[user want to visit amazon web page and verify search]"</td>
<td></td>
<td>6</td>
<td>com.nexttechITC.TestRunner.TestNGTestRunner$TestRunner@7d3a22a9</td></tr>
<tr>
<td title='com.nexttechITC.TestRunner.TestNGTestRunner$TestRunner.runScenario()'><b>runScenario</b><br>Test class: com.nexttechITC.TestRunner.TestNGTestRunner$TestRunner<br>Test method: Runs Cucumber Scenarios<br>Parameters: "User visi best seller page", "Optional[User can visit Amazon Seller page]"</td>
<td></td>
<td>5</td>
<td>com.nexttechITC.TestRunner.TestNGTestRunner$TestRunner@7d3a22a9</td></tr>
</table><p>
</body>
</html>