<?xml version="1.0" encoding="UTF-8"?>
<!-- Generated by org.testng.reporters.JUnitXMLReporter -->
<testsuite ignored="0" hostname="LAPTOP-5TFUKJL1" failures="1" tests="5" name="Nopackage" time="30.525" errors="0" timestamp="16 May 2022 22:49:24 GMT">
  <testcase classname="io.cucumber.testng.AbstractTestNGCucumberTests" name="runScenario" time="6.44"/>
  <testcase classname="io.cucumber.testng.AbstractTestNGCucumberTests" name="runScenario" time="4.385"/>
  <testcase classname="io.cucumber.testng.AbstractTestNGCucumberTests" name="runScenario" time="6.956"/>
  <testcase classname="io.cucumber.testng.AbstractTestNGCucumberTests" name="runScenario" time="5.389"/>
  <testcase classname="io.cucumber.testng.AbstractTestNGCucumberTests" name="runScenario" time="7.034">
    <failure type="io.cucumber.core.exception.CucumberException" message="Step [user enter {string} and&amp;quot;Bari&amp;quot; and valid {string} and {string}] is defined with 4 parameters at &amp;apos;com.nexttechITC.Stepdefs.FacebookSignup.user_enter_and_bari_and_valid_and(java.lang.String,java.lang.String,java.lang.String,java.lang.String)&amp;apos;.
However, the gherkin step has 3 arguments:
 * &amp;quot;Amy&amp;quot;
 * &amp;quot;esdy@gmail.com&amp;quot;
 * &amp;quot;class@2020&amp;quot;
Step text: user enter &amp;quot;Amy&amp;quot; and&amp;quot;Bari&amp;quot; and valid &amp;quot;esdy@gmail.com&amp;quot; and &amp;quot;class@2020&amp;quot;">
      <![CDATA[io.cucumber.core.exception.CucumberException: Step [user enter {string} and"Bari" and valid {string} and {string}] is defined with 4 parameters at 'com.nexttechITC.Stepdefs.FacebookSignup.user_enter_and_bari_and_valid_and(java.lang.String,java.lang.String,java.lang.String,java.lang.String)'.
However, the gherkin step has 3 arguments:
 * "Amy"
 * "esdy@gmail.com"
 * "class@2020"
Step text: user enter "Amy" and"Bari" and valid "esdy@gmail.com" and "class@2020"
	at io.cucumber.core.runner.PickleStepDefinitionMatch.arityMismatch(PickleStepDefinitionMatch.java:83)
	at io.cucumber.core.runner.PickleStepDefinitionMatch.runStep(PickleStepDefinitionMatch.java:42)
	at io.cucumber.core.runner.ExecutionMode$1.execute(ExecutionMode.java:10)
	at io.cucumber.core.runner.TestStep.executeStep(TestStep.java:86)
	at io.cucumber.core.runner.TestStep.run(TestStep.java:57)
	at io.cucumber.core.runner.PickleStepTestStep.run(PickleStepTestStep.java:51)
	at io.cucumber.core.runner.TestCase.run(TestCase.java:95)
	at io.cucumber.core.runner.Runner.runPickle(Runner.java:75)
	at io.cucumber.testng.TestNGCucumberRunner.lambda$runScenario$1(TestNGCucumberRunner.java:132)
	at io.cucumber.core.runtime.CucumberExecutionContext.lambda$runTestCase$3(CucumberExecutionContext.java:110)
	at io.cucumber.core.runtime.RethrowingThrowableCollector.executeAndThrow(RethrowingThrowableCollector.java:23)
	at io.cucumber.core.runtime.CucumberExecutionContext.runTestCase(CucumberExecutionContext.java:110)
	at io.cucumber.testng.TestNGCucumberRunner.runScenario(TestNGCucumberRunner.java:129)
	at io.cucumber.testng.AbstractTestNGCucumberTests.runScenario(AbstractTestNGCucumberTests.java:35)
... Removed 23 stack frames]]>
    </failure>
  </testcase> <!-- runScenario -->
</testsuite> <!-- Nopackage -->
